<!DOCTYPE html>
<html lang="en">
<head>
  <meta charset="UTF-8">
  <title></title>
  <style>
    body {
      margin: 0;
      font-family: sans-serif;
    }

    .suites-menu {
      width: 100%;
      background-color: #add8e6;
    }

    .suites-menu .name {
      display: inline-block;
      padding: 10px;
    }

    .suites-menu .name.failure {
      background-color: #ff634766;
    }

    .suites-menu .name.failure.selected {
      background-color: #ff6347;      
    }

    .suites-menu .name.selected {
      background-color: #90c9dc;
      font-weight: 600;
    }

    .suite {
      position: absolute;
      width: 100%;
      display: flex;
      flex-direction: column;
    }

    .summary {
      padding: 10px 20px;
    }

    .summary span {
      padding-right: 20px;
    }

    .specs {
      display: flex;
    }

    .specs-menu {
      align-self: flex-start;
      width: 500px;
      background-color: #add8e6;
    }

    .specs-menu .selected {
      background-color: #90c9dc;
    }

    .specs .name {
      padding: 10px;
      border-bottom: 1px solid #ffffff;
    }

    .name::before {
      content: "";
      display: inline-block;
      width: 10px;
      height: 10px;
      margin-right: 10px;
      border-radius: 50px;
    }

    .name.passed::before, .spec.passed .summary {
      background-color: #3cb371;
    }

    .name.failed::before, .spec.failed .summary {
      background-color: #ff6347;
    }

    .name:hover {
      cursor: pointer;
    }

    .spec {
      width: 100%;
    }

    .step {
      display: flex;
      align-items: center;
      padding: 20px;
      border-bottom: 1px solid #add8e6;
    }

    .step.passed {
      background-color: #3cb37166;
    }

    .step.failed {
      background-color: #ff634766;
    }

    .step .content {
      display: flex;
      flex-direction: column;
      align-items: flex-start;
      margin-left: 20px;
    }

    .step .content.reverse {
      flex-direction: column-reverse;
    }

    code {
      width: 90%;
      padding: 10px;
      background-color: #ffffff;
      overflow: auto;
      white-space: pre-wrap;
    }

    code.log {
      height: 50px;
    }

    code.stack {
      height: 300px;
    }

    img {
      width: 300px;
      margin: 20px 0;
    }

    .strong {
      font-weight: 600;
    }

    .hidden {
      display: none;
    }

    .comparedImages {
      margin-top: 16px;
      display: flex;
    }

    .comparedImages > div:not(:first-child) {
      margin-left: 16px;
    }

    .comparedImages > div {
      display: flex;
      flex-direction: column;
    }
  </style>
</head>
<body>
<div class="suites-menu">
  
    <div class="name failure" onClick="selectSuite(0)">teched</div>
  
</div>

<div class="suite hidden">
  <div class="summary">
    <span class="strong">Specs</span>
    <span>Total: 2</span>
    <span>Passed: 0</span>
    <span>Failed: 2</span>
    <span>Pending: 0</span>
    <span>Disabled: 0</span>
    <span>Duration: 13.4 sec</span>
  </div>
  <div class="specs">
    <div class="specs-menu">
      
      <div class="name failed" onClick="selectSpec(0, 0)">create a new book</div>
      
      <div class="name failed" onClick="selectSpec(0, 1)">should check book is added</div>
      
    </div>
    
    <div class="spec failed 0 hidden">
      <div class="summary">
        <div class="strong">create a new book</div>
        
        <span class="strong">Expectations</span>
        <span>Total: 2</span>
        <span>Passed: 0</span>
        <span>Failed: 2</span>
        <span>Duration: 11.3 sec</span>
        
      </div>
      
      
      <div class="step failed">
        <p class="strong">1.</p>
        <div class="content ">
          
            
            <div>Expectation FAILED: Expected &#39;&#39;  &#39;&#39;</div>
            
          
          
          
          <a href="teched-create-a-new-book_0_fail_2021-06-17T08-55-23.png" target="_blank">
            <img data-source="teched-create-a-new-book_0_fail_2021-06-17T08-55-23.png"/>
          </a>
          
          
          
          Error stack: <code class="stack">WebDriverError: unknown error: net::ERR_CONNECTION_REFUSED
  (Session info: chrome=91.0.4472.101)
  (Driver info: chromedriver=91.0.4472.101 (af52a90bf87030dd1523486a1cd3ae25c5d76c9b-refs/branch-heads/4472@{#1462}),platform=Windows NT 10.0.19042 x86_64)
    at Object.checkLegacyResponse (C:\Users\C5309228\AppData\Roaming\npm\node_modules\@ui5\uiveri5\node_modules\selenium-webdriver\lib\error.js:546:15)
    at parseHttpResponse (C:\Users\C5309228\AppData\Roaming\npm\node_modules\@ui5\uiveri5\node_modules\selenium-webdriver\lib\http.js:509:13)
    at C:\Users\C5309228\AppData\Roaming\npm\node_modules\@ui5\uiveri5\node_modules\selenium-webdriver\lib\http.js:441:30
    at processTicksAndRejections (internal/process/task_queues.js:95:5)
From: Task: WebDriver.navigate().to(http://localhost:4004/fiori.html#manage-books)
    at Driver.schedule (C:\Users\C5309228\AppData\Roaming\npm\node_modules\@ui5\uiveri5\node_modules\selenium-webdriver\lib\webdriver.js:807:17)
    at Navigation.to (C:\Users\C5309228\AppData\Roaming\npm\node_modules\@ui5\uiveri5\node_modules\selenium-webdriver\lib\webdriver.js:1133:25)
    at Driver.get (C:\Users\C5309228\AppData\Roaming\npm\node_modules\@ui5\uiveri5\node_modules\selenium-webdriver\lib\webdriver.js:988:28)
    at PlainAuthenticator.get (C:\Users\C5309228\AppData\Roaming\npm\node_modules\@ui5\uiveri5\src\authenticator\plainAuthenticator.js:19:18)
    at Object.to (C:\Users\C5309228\AppData\Roaming\npm\node_modules\@ui5\uiveri5\src\uiveri5.js:521:27)
    at C:\Users\C5309228\AppData\Roaming\npm\node_modules\@ui5\uiveri5\src\uiveri5.js:427:43
    at TaskQueue.execute_ (C:\Users\C5309228\AppData\Roaming\npm\node_modules\@ui5\uiveri5\node_modules\selenium-webdriver\lib\promise.js:3084:14)
    at TaskQueue.executeNext_ (C:\Users\C5309228\AppData\Roaming\npm\node_modules\@ui5\uiveri5\node_modules\selenium-webdriver\lib\promise.js:3067:27)
    at C:\Users\C5309228\AppData\Roaming\npm\node_modules\@ui5\uiveri5\node_modules\selenium-webdriver\lib\promise.js:2927:27
    at C:\Users\C5309228\AppData\Roaming\npm\node_modules\@ui5\uiveri5\node_modules\selenium-webdriver\lib\promise.js:668:7
From: Task: &lt;anonymous&gt;
    at Object.suiteStarted (C:\Users\C5309228\AppData\Roaming\npm\node_modules\@ui5\uiveri5\src\uiveri5.js:397:33)
    at dispatch (C:\Users\C5309228\AppData\Roaming\npm\node_modules\@ui5\uiveri5\node_modules\jasmine-core\lib\jasmine-core\jasmine.js:4366:28)
    at ReportDispatcher.suiteStarted (C:\Users\C5309228\AppData\Roaming\npm\node_modules\@ui5\uiveri5\node_modules\jasmine-core\lib\jasmine-core\jasmine.js:4337:11)
    at nodeStart (C:\Users\C5309228\AppData\Roaming\npm\node_modules\@ui5\uiveri5\node_modules\jasmine-core\lib\jasmine-core\jasmine.js:947:20)
    at UserContext.fn (C:\Users\C5309228\AppData\Roaming\npm\node_modules\@ui5\uiveri5\node_modules\jasmine-core\lib\jasmine-core\jasmine.js:5323:13)
    at attempt (C:\Users\C5309228\AppData\Roaming\npm\node_modules\@ui5\uiveri5\node_modules\jasmine-core\lib\jasmine-core\jasmine.js:4297:26)
    at QueueRunner.run (C:\Users\C5309228\AppData\Roaming\npm\node_modules\@ui5\uiveri5\node_modules\jasmine-core\lib\jasmine-core\jasmine.js:4217:20)
    at QueueRunner.execute (C:\Users\C5309228\AppData\Roaming\npm\node_modules\@ui5\uiveri5\node_modules\jasmine-core\lib\jasmine-core\jasmine.js:4199:10)
    at queueRunnerFactory (C:\Users\C5309228\AppData\Roaming\npm\node_modules\@ui5\uiveri5\node_modules\jasmine-core\lib\jasmine-core\jasmine.js:909:35)
    at TreeProcessor.execute (C:\Users\C5309228\AppData\Roaming\npm\node_modules\@ui5\uiveri5\node_modules\jasmine-core\lib\jasmine-core\jasmine.js:5187:7)</code>
        </div>
      </div>
      
      
      
      <div class="step failed">
        <p class="strong">2.</p>
        <div class="content ">
          
            
            <div>Expectation FAILED: Expected &#39;&#39;  &#39;&#39;</div>
            
          
          
          
          <a href="teched-create-a-new-book_1_fail_2021-06-17T08-55-25.png" target="_blank">
            <img data-source="teched-create-a-new-book_1_fail_2021-06-17T08-55-25.png"/>
          </a>
          
          
          
          Error stack: <code class="stack">JavascriptError: javascript error: UI5 dependencies are not loaded on this pageError: UI5 dependencies are not loaded on this page
    at findByControl (eval at executeScript (:445:16), &lt;anonymous&gt;:5:13)
    at eval (eval at executeScript (:445:16), &lt;anonymous&gt;:39:6)
    at executeScript (&lt;anonymous&gt;:447:30)
    at &lt;anonymous&gt;:452:24
    at callFunction (&lt;anonymous&gt;:415:22)
    at &lt;anonymous&gt;:429:23
    at &lt;anonymous&gt;:430:3
  (Session info: chrome=91.0.4472.101)
  (Driver info: chromedriver=91.0.4472.101 (af52a90bf87030dd1523486a1cd3ae25c5d76c9b-refs/branch-heads/4472@{#1462}),platform=Windows NT 10.0.19042 x86_64)
    at Object.checkLegacyResponse (C:\Users\C5309228\AppData\Roaming\npm\node_modules\@ui5\uiveri5\node_modules\selenium-webdriver\lib\error.js:546:15)
    at parseHttpResponse (C:\Users\C5309228\AppData\Roaming\npm\node_modules\@ui5\uiveri5\node_modules\selenium-webdriver\lib\http.js:509:13)
    at C:\Users\C5309228\AppData\Roaming\npm\node_modules\@ui5\uiveri5\node_modules\selenium-webdriver\lib\http.js:441:30
    at processTicksAndRejections (internal/process/task_queues.js:95:5)
From: Task: WebDriver.executeScript()
    at Driver.schedule (C:\Users\C5309228\AppData\Roaming\npm\node_modules\@ui5\uiveri5\node_modules\selenium-webdriver\lib\webdriver.js:807:17)
    at Driver.executeScript (C:\Users\C5309228\AppData\Roaming\npm\node_modules\@ui5\uiveri5\node_modules\selenium-webdriver\lib\webdriver.js:878:16)
    at C:\Users\C5309228\AppData\Roaming\npm\node_modules\@ui5\uiveri5\node_modules\selenium-webdriver\lib\by.js:191:35
    at C:\Users\C5309228\AppData\Roaming\npm\node_modules\@ui5\uiveri5\node_modules\selenium-webdriver\lib\webdriver.js:1068:28
    at C:\Users\C5309228\AppData\Roaming\npm\node_modules\@ui5\uiveri5\node_modules\selenium-webdriver\lib\webdriver.js:907:19
    at ManagedPromise.invokeCallback_ (C:\Users\C5309228\AppData\Roaming\npm\node_modules\@ui5\uiveri5\node_modules\selenium-webdriver\lib\promise.js:1376:14)
    at TaskQueue.execute_ (C:\Users\C5309228\AppData\Roaming\npm\node_modules\@ui5\uiveri5\node_modules\selenium-webdriver\lib\promise.js:3084:14)
    at TaskQueue.executeNext_ (C:\Users\C5309228\AppData\Roaming\npm\node_modules\@ui5\uiveri5\node_modules\selenium-webdriver\lib\promise.js:3067:27)
    at C:\Users\C5309228\AppData\Roaming\npm\node_modules\@ui5\uiveri5\node_modules\selenium-webdriver\lib\promise.js:2974:25
    at C:\Users\C5309228\AppData\Roaming\npm\node_modules\@ui5\uiveri5\node_modules\selenium-webdriver\lib\promise.js:668:7
From: Task: WebDriver.call(function)
    at Driver.call (C:\Users\C5309228\AppData\Roaming\npm\node_modules\@ui5\uiveri5\node_modules\selenium-webdriver\lib\webdriver.js:901:23)
    at Driver.findElementsInternal_ (C:\Users\C5309228\AppData\Roaming\npm\node_modules\@ui5\uiveri5\node_modules\selenium-webdriver\lib\webdriver.js:1068:17)
    at Driver.findElements (C:\Users\C5309228\AppData\Roaming\npm\node_modules\@ui5\uiveri5\node_modules\selenium-webdriver\lib\webdriver.js:1043:19)
    at _ControlLocator.findElementsOverride (C:\Users\C5309228\AppData\Roaming\npm\node_modules\@ui5\uiveri5\src\locators\controlLocator.js:65:17)
    at C:\Users\C5309228\AppData\Roaming\npm\node_modules\@ui5\uiveri5\node_modules\protractor\built\element.js:156:40
    at ManagedPromise.invokeCallback_ (C:\Users\C5309228\AppData\Roaming\npm\node_modules\@ui5\uiveri5\node_modules\selenium-webdriver\lib\promise.js:1376:14)
    at TaskQueue.execute_ (C:\Users\C5309228\AppData\Roaming\npm\node_modules\@ui5\uiveri5\node_modules\selenium-webdriver\lib\promise.js:3084:14)
    at TaskQueue.executeNext_ (C:\Users\C5309228\AppData\Roaming\npm\node_modules\@ui5\uiveri5\node_modules\selenium-webdriver\lib\promise.js:3067:27)
    at C:\Users\C5309228\AppData\Roaming\npm\node_modules\@ui5\uiveri5\node_modules\selenium-webdriver\lib\promise.js:2927:27
    at C:\Users\C5309228\AppData\Roaming\npm\node_modules\@ui5\uiveri5\node_modules\selenium-webdriver\lib\promise.js:668:7Error
    at ElementArrayFinder.applyAction_ (C:\Users\C5309228\AppData\Roaming\npm\node_modules\@ui5\uiveri5\node_modules\protractor\built\element.js:459:27)
    at ElementArrayFinder.protractorModule.parent.exports.ElementArrayFinder.applyAction_ (C:\Users\C5309228\AppData\Roaming\npm\node_modules\@ui5\uiveri5\src\reporter\actionInterceptor.js:24:25)
    at ElementArrayFinder.&lt;computed&gt; [as click] (C:\Users\C5309228\AppData\Roaming\npm\node_modules\@ui5\uiveri5\node_modules\protractor\built\element.js:91:29)
    at ElementFinder.&lt;computed&gt; [as click] (C:\Users\C5309228\AppData\Roaming\npm\node_modules\@ui5\uiveri5\node_modules\protractor\built\element.js:831:22)
    at Object.iClickOnCreateNewBook (C:\Users\C5309228\SAP\teched2020-DEV267\fiori\app\admin\webapp\test\uiveri5\pages\manageBooksPage.js:10:11)
    at UserContext.&lt;anonymous&gt; (C:\Users\C5309228\SAP\teched2020-DEV267\fiori\app\admin\webapp\test\uiveri5\teched.spec.js:7:31)
    at C:\Users\C5309228\AppData\Roaming\npm\node_modules\@ui5\uiveri5\node_modules\jasminewd2\index.js:112:25
    at new ManagedPromise (C:\Users\C5309228\AppData\Roaming\npm\node_modules\@ui5\uiveri5\node_modules\selenium-webdriver\lib\promise.js:1077:7)
    at ControlFlow.promise (C:\Users\C5309228\AppData\Roaming\npm\node_modules\@ui5\uiveri5\node_modules\selenium-webdriver\lib\promise.js:2505:12)
    at schedulerExecute (C:\Users\C5309228\AppData\Roaming\npm\node_modules\@ui5\uiveri5\node_modules\jasminewd2\index.js:95:18)
From: Task: Run it(&quot;create a new book&quot;) in control flow
    at UserContext.&lt;anonymous&gt; (C:\Users\C5309228\AppData\Roaming\npm\node_modules\@ui5\uiveri5\node_modules\jasminewd2\index.js:94:19)
    at attempt (C:\Users\C5309228\AppData\Roaming\npm\node_modules\@ui5\uiveri5\node_modules\jasmine-core\lib\jasmine-core\jasmine.js:4297:26)
    at QueueRunner.run (C:\Users\C5309228\AppData\Roaming\npm\node_modules\@ui5\uiveri5\node_modules\jasmine-core\lib\jasmine-core\jasmine.js:4217:20)
    at runNext (C:\Users\C5309228\AppData\Roaming\npm\node_modules\@ui5\uiveri5\node_modules\jasmine-core\lib\jasmine-core\jasmine.js:4257:20)
    at C:\Users\C5309228\AppData\Roaming\npm\node_modules\@ui5\uiveri5\node_modules\jasmine-core\lib\jasmine-core\jasmine.js:4264:13
    at C:\Users\C5309228\AppData\Roaming\npm\node_modules\@ui5\uiveri5\node_modules\jasmine-core\lib\jasmine-core\jasmine.js:4172:9
    at processTicksAndRejections (internal/process/task_queues.js:95:5)
From asynchronous test: 
Error
    at Suite.&lt;anonymous&gt; (C:\Users\C5309228\SAP\teched2020-DEV267\fiori\app\admin\webapp\test\uiveri5\teched.spec.js:6:3)
    at addSpecsToSuite (C:\Users\C5309228\AppData\Roaming\npm\node_modules\@ui5\uiveri5\node_modules\jasmine-core\lib\jasmine-core\jasmine.js:1107:25)
    at Env.describe (C:\Users\C5309228\AppData\Roaming\npm\node_modules\@ui5\uiveri5\node_modules\jasmine-core\lib\jasmine-core\jasmine.js:1074:7)
    at describe (C:\Users\C5309228\AppData\Roaming\npm\node_modules\@ui5\uiveri5\node_modules\jasmine-core\lib\jasmine-core\jasmine.js:4399:18)
    at Object.&lt;anonymous&gt; (C:\Users\C5309228\SAP\teched2020-DEV267\fiori\app\admin\webapp\test\uiveri5\teched.spec.js:4:1)
    at Module._compile (internal/modules/cjs/loader.js:1068:30)
    at Object.Module._extensions..js (internal/modules/cjs/loader.js:1097:10)
    at Module.load (internal/modules/cjs/loader.js:933:32)
    at Function.Module._load (internal/modules/cjs/loader.js:774:14)</code>
        </div>
      </div>
      
      
    </div>
    
    <div class="spec failed 1 hidden">
      <div class="summary">
        <div class="strong">should check book is added</div>
        
        <span class="strong">Expectations</span>
        <span>Total: 1</span>
        <span>Passed: 0</span>
        <span>Failed: 1</span>
        <span>Duration: 2.1 sec</span>
        
      </div>
      
      
      <div class="step failed">
        <p class="strong">1.</p>
        <div class="content ">
          
            
            <div>Expectation FAILED: Expected &#39;&#39;  &#39;&#39;</div>
            
          
          
          
          <a href="teched-should-check-book-is-added_0_fail_2021-06-17T08-55-27.png" target="_blank">
            <img data-source="teched-should-check-book-is-added_0_fail_2021-06-17T08-55-27.png"/>
          </a>
          
          
          
          Error stack: <code class="stack">JavascriptError: javascript error: UI5 dependencies are not loaded on this pageError: UI5 dependencies are not loaded on this page
    at findByControl (eval at executeScript (:445:16), &lt;anonymous&gt;:5:13)
    at eval (eval at executeScript (:445:16), &lt;anonymous&gt;:39:6)
    at executeScript (&lt;anonymous&gt;:447:30)
    at &lt;anonymous&gt;:452:24
    at callFunction (&lt;anonymous&gt;:415:22)
    at &lt;anonymous&gt;:429:23
    at &lt;anonymous&gt;:430:3
  (Session info: chrome=91.0.4472.101)
  (Driver info: chromedriver=91.0.4472.101 (af52a90bf87030dd1523486a1cd3ae25c5d76c9b-refs/branch-heads/4472@{#1462}),platform=Windows NT 10.0.19042 x86_64)
    at Object.checkLegacyResponse (C:\Users\C5309228\AppData\Roaming\npm\node_modules\@ui5\uiveri5\node_modules\selenium-webdriver\lib\error.js:546:15)
    at parseHttpResponse (C:\Users\C5309228\AppData\Roaming\npm\node_modules\@ui5\uiveri5\node_modules\selenium-webdriver\lib\http.js:509:13)
    at C:\Users\C5309228\AppData\Roaming\npm\node_modules\@ui5\uiveri5\node_modules\selenium-webdriver\lib\http.js:441:30
    at processTicksAndRejections (internal/process/task_queues.js:95:5)
From: Task: WebDriver.executeScript()
    at Driver.schedule (C:\Users\C5309228\AppData\Roaming\npm\node_modules\@ui5\uiveri5\node_modules\selenium-webdriver\lib\webdriver.js:807:17)
    at Driver.executeScript (C:\Users\C5309228\AppData\Roaming\npm\node_modules\@ui5\uiveri5\node_modules\selenium-webdriver\lib\webdriver.js:878:16)
    at C:\Users\C5309228\AppData\Roaming\npm\node_modules\@ui5\uiveri5\node_modules\selenium-webdriver\lib\by.js:191:35
    at C:\Users\C5309228\AppData\Roaming\npm\node_modules\@ui5\uiveri5\node_modules\selenium-webdriver\lib\webdriver.js:1068:28
    at C:\Users\C5309228\AppData\Roaming\npm\node_modules\@ui5\uiveri5\node_modules\selenium-webdriver\lib\webdriver.js:907:19
    at ManagedPromise.invokeCallback_ (C:\Users\C5309228\AppData\Roaming\npm\node_modules\@ui5\uiveri5\node_modules\selenium-webdriver\lib\promise.js:1376:14)
    at TaskQueue.execute_ (C:\Users\C5309228\AppData\Roaming\npm\node_modules\@ui5\uiveri5\node_modules\selenium-webdriver\lib\promise.js:3084:14)
    at TaskQueue.executeNext_ (C:\Users\C5309228\AppData\Roaming\npm\node_modules\@ui5\uiveri5\node_modules\selenium-webdriver\lib\promise.js:3067:27)
    at C:\Users\C5309228\AppData\Roaming\npm\node_modules\@ui5\uiveri5\node_modules\selenium-webdriver\lib\promise.js:2974:25
    at C:\Users\C5309228\AppData\Roaming\npm\node_modules\@ui5\uiveri5\node_modules\selenium-webdriver\lib\promise.js:668:7
From: Task: WebDriver.call(function)
    at Driver.call (C:\Users\C5309228\AppData\Roaming\npm\node_modules\@ui5\uiveri5\node_modules\selenium-webdriver\lib\webdriver.js:901:23)
    at Driver.findElementsInternal_ (C:\Users\C5309228\AppData\Roaming\npm\node_modules\@ui5\uiveri5\node_modules\selenium-webdriver\lib\webdriver.js:1068:17)
    at Driver.findElements (C:\Users\C5309228\AppData\Roaming\npm\node_modules\@ui5\uiveri5\node_modules\selenium-webdriver\lib\webdriver.js:1043:19)
    at _ControlLocator.findElementsOverride (C:\Users\C5309228\AppData\Roaming\npm\node_modules\@ui5\uiveri5\src\locators\controlLocator.js:65:17)
    at C:\Users\C5309228\AppData\Roaming\npm\node_modules\@ui5\uiveri5\node_modules\protractor\built\element.js:156:40
    at ManagedPromise.invokeCallback_ (C:\Users\C5309228\AppData\Roaming\npm\node_modules\@ui5\uiveri5\node_modules\selenium-webdriver\lib\promise.js:1376:14)
    at TaskQueue.execute_ (C:\Users\C5309228\AppData\Roaming\npm\node_modules\@ui5\uiveri5\node_modules\selenium-webdriver\lib\promise.js:3084:14)
    at TaskQueue.executeNext_ (C:\Users\C5309228\AppData\Roaming\npm\node_modules\@ui5\uiveri5\node_modules\selenium-webdriver\lib\promise.js:3067:27)
    at C:\Users\C5309228\AppData\Roaming\npm\node_modules\@ui5\uiveri5\node_modules\selenium-webdriver\lib\promise.js:2927:27
    at C:\Users\C5309228\AppData\Roaming\npm\node_modules\@ui5\uiveri5\node_modules\selenium-webdriver\lib\promise.js:668:7Error
    at ElementArrayFinder.applyAction_ (C:\Users\C5309228\AppData\Roaming\npm\node_modules\@ui5\uiveri5\node_modules\protractor\built\element.js:459:27)
    at ElementArrayFinder.protractorModule.parent.exports.ElementArrayFinder.applyAction_ (C:\Users\C5309228\AppData\Roaming\npm\node_modules\@ui5\uiveri5\src\reporter\actionInterceptor.js:24:25)
    at ElementArrayFinder.&lt;computed&gt; [as click] (C:\Users\C5309228\AppData\Roaming\npm\node_modules\@ui5\uiveri5\node_modules\protractor\built\element.js:91:29)
    at ElementFinder.&lt;computed&gt; [as click] (C:\Users\C5309228\AppData\Roaming\npm\node_modules\@ui5\uiveri5\node_modules\protractor\built\element.js:831:22)
    at Object.iNavigateBack (C:\Users\C5309228\SAP\teched2020-DEV267\fiori\app\admin\webapp\test\uiveri5\pages\newBookPage.js:84:11)
    at UserContext.&lt;anonymous&gt; (C:\Users\C5309228\SAP\teched2020-DEV267\fiori\app\admin\webapp\test\uiveri5\teched.spec.js:16:27)
    at C:\Users\C5309228\AppData\Roaming\npm\node_modules\@ui5\uiveri5\node_modules\jasminewd2\index.js:112:25
    at new ManagedPromise (C:\Users\C5309228\AppData\Roaming\npm\node_modules\@ui5\uiveri5\node_modules\selenium-webdriver\lib\promise.js:1077:7)
    at ControlFlow.promise (C:\Users\C5309228\AppData\Roaming\npm\node_modules\@ui5\uiveri5\node_modules\selenium-webdriver\lib\promise.js:2505:12)
    at schedulerExecute (C:\Users\C5309228\AppData\Roaming\npm\node_modules\@ui5\uiveri5\node_modules\jasminewd2\index.js:95:18)
From: Task: Run it(&quot;should check book is added&quot;) in control flow
    at UserContext.&lt;anonymous&gt; (C:\Users\C5309228\AppData\Roaming\npm\node_modules\@ui5\uiveri5\node_modules\jasminewd2\index.js:94:19)
    at attempt (C:\Users\C5309228\AppData\Roaming\npm\node_modules\@ui5\uiveri5\node_modules\jasmine-core\lib\jasmine-core\jasmine.js:4297:26)
    at QueueRunner.run (C:\Users\C5309228\AppData\Roaming\npm\node_modules\@ui5\uiveri5\node_modules\jasmine-core\lib\jasmine-core\jasmine.js:4217:20)
    at runNext (C:\Users\C5309228\AppData\Roaming\npm\node_modules\@ui5\uiveri5\node_modules\jasmine-core\lib\jasmine-core\jasmine.js:4257:20)
    at C:\Users\C5309228\AppData\Roaming\npm\node_modules\@ui5\uiveri5\node_modules\jasmine-core\lib\jasmine-core\jasmine.js:4264:13
    at C:\Users\C5309228\AppData\Roaming\npm\node_modules\@ui5\uiveri5\node_modules\jasmine-core\lib\jasmine-core\jasmine.js:4172:9
    at processTicksAndRejections (internal/process/task_queues.js:95:5)
From asynchronous test: 
Error
    at Suite.&lt;anonymous&gt; (C:\Users\C5309228\SAP\teched2020-DEV267\fiori\app\admin\webapp\test\uiveri5\teched.spec.js:15:3)
    at addSpecsToSuite (C:\Users\C5309228\AppData\Roaming\npm\node_modules\@ui5\uiveri5\node_modules\jasmine-core\lib\jasmine-core\jasmine.js:1107:25)
    at Env.describe (C:\Users\C5309228\AppData\Roaming\npm\node_modules\@ui5\uiveri5\node_modules\jasmine-core\lib\jasmine-core\jasmine.js:1074:7)
    at describe (C:\Users\C5309228\AppData\Roaming\npm\node_modules\@ui5\uiveri5\node_modules\jasmine-core\lib\jasmine-core\jasmine.js:4399:18)
    at Object.&lt;anonymous&gt; (C:\Users\C5309228\SAP\teched2020-DEV267\fiori\app\admin\webapp\test\uiveri5\teched.spec.js:4:1)
    at Module._compile (internal/modules/cjs/loader.js:1068:30)
    at Object.Module._extensions..js (internal/modules/cjs/loader.js:1097:10)
    at Module.load (internal/modules/cjs/loader.js:933:32)
    at Function.Module._load (internal/modules/cjs/loader.js:774:14)</code>
        </div>
      </div>
      
      
    </div>
    
  </div>
</div>

<script>
  (function init () {
    var suiteMenuElement = document.getElementsByClassName("suites-menu")[0];
    var specMenuElement = document.getElementsByClassName("specs-menu")[0];
    selectSuite(0);
  })();

  function selectSuite(suiteIndex) {
    select(document, suiteIndex, "suites-menu", "suite");
    selectSpec(suiteIndex, 0);
  }

  function selectSpec(suiteIndex, specIndex) {
    var parentElement = document.getElementsByClassName("specs")[suiteIndex];
    select(parentElement, specIndex, "specs-menu", "spec");

    var specElements = parentElement.getElementsByClassName("spec");
    var specImageElements = specElements[specIndex].getElementsByTagName("img");
    Array.prototype.forEach.call(specImageElements, function (img) {
      img.src = img.getAttribute("data-source");
    });
  }

  function select(parentElement, index, menuClassName, itemClassName) {
    var menuElement = parentElement.getElementsByClassName(menuClassName)[0];
    var menuElements = menuElement.getElementsByClassName("name");
    Array.prototype.forEach.call(menuElements, function (el) {
      el.classList.remove("selected");
    });
    menuElements[index].classList.add("selected");

    var itemElements = parentElement.getElementsByClassName(itemClassName);
    Array.prototype.forEach.call(itemElements, function (el) {
      el.classList.add("hidden");
    });
    itemElements[index].classList.remove("hidden");
  }
</script>
</body>
</html>
